[2023-07-12T11:03:54.040Z] GET /api/fruits
[2023-07-12T11:03:55.067Z] GET /api/fruits
[2023-07-12T11:03:55.254Z] GET /api/fruits
[2023-07-12T11:03:55.414Z] GET /api/fruits
[2023-07-12T11:04:18.530Z] GET /api/fruits
[2023-07-12T11:04:18.858Z] GET /api/fruits
[2023-07-12T11:04:19.390Z] GET /api/fruits
[2023-07-12T11:16:05.076Z] GET /api/fruits
[2023-07-12T11:16:05.722Z] GET /api/fruits
[2023-07-12T11:20:04.744Z] GET /api/fruits
[2023-07-12T11:20:04.936Z] GET /api/fruits
[2023-07-12T11:20:05.057Z] GET /api/fruits
[2023-07-12T11:20:05.201Z] GET /api/fruits
[2023-07-12T15:10:52.382Z] GET /api/fruits
[2023-07-12T15:10:52.482Z] GET /favicon.ico
[2023-07-12T15:10:53.082Z] GET /api/fruits
[2023-07-12T15:12:00.106Z] GET /api/fruits
[2023-07-12T15:12:01.203Z] GET /api/fruits
[2023-07-12T15:12:01.458Z] GET /api/fruits
[2023-07-12T15:12:01.530Z] GET /api/fruits
[2023-07-12T15:12:01.691Z] GET /api/fruits
[2023-07-12T15:12:01.855Z] GET /api/fruits
[2023-07-12T15:12:02.007Z] GET /api/fruits
[2023-07-12T15:12:02.098Z] GET /api/fruits
[2023-07-12T15:13:28.780Z] GET /api/fruits
[2023-07-12T15:23:21.896Z] GET /api/fruits
[2023-07-12T15:23:22.603Z] GET /api/fruits
[2023-07-12T15:23:22.755Z] GET /api/fruits
[2023-07-12T15:23:22.890Z] GET /api/fruits
[2023-07-12T15:25:28.038Z] GET /api/fruits
[2023-07-12T15:25:28.410Z] GET /api/fruits
[2023-07-12T15:25:28.561Z] GET /api/fruits
[2023-07-12T15:25:28.716Z] GET /api/fruits
[2023-07-12T15:25:28.838Z] GET /api/fruits
[2023-07-12T15:25:33.991Z] GET /api/fruits
[2023-07-12T15:25:34.488Z] GET /api/fruits
[2023-07-12T15:25:34.614Z] GET /api/fruits
[2023-07-12T15:25:34.741Z] GET /api/fruits
[2023-07-12T15:33:07.457Z] GET /api/fruits
[2023-07-12T15:34:33.019Z] GET /
[2023-07-12T15:35:01.307Z] GET /
[2023-07-12T15:35:01.704Z] GET /
[2023-07-12T15:35:01.851Z] GET /
[2023-07-12T15:35:01.989Z] GET /
[2023-07-12T15:35:02.115Z] GET /
[2023-07-12T15:35:12.755Z] GET /
[2023-07-12T15:35:13.274Z] GET /
[2023-07-12T15:35:13.437Z] GET /
[2023-07-12T15:35:13.571Z] GET /
[2023-07-12T15:35:24.190Z] GET /api/fruits
[2023-07-12T15:35:47.885Z] GET /api/fruits
[2023-07-12T15:39:52.436Z] GET /api/fruits
[2023-07-12T15:50:14.427Z] GET /api/fruits
[2023-07-13T06:58:11.622Z] GET /api/fruits
[2023-07-13T06:58:11.757Z] GET /favicon.ico
[2023-07-13T07:26:55.303Z] GET /api/fruits
[2023-07-13T07:32:50.571Z] GET /api/fruits
[2023-07-13T07:32:50.670Z] GET /favicon.ico
[2023-07-13T07:36:20.721Z] GET /api/fruits
[2023-07-13T07:36:20.871Z] GET /api/fruits
[2023-07-13T07:36:21.402Z] GET /api/fruits
[2023-07-13T07:36:21.811Z] GET /api/fruits
[2023-07-13T07:36:55.474Z] GET /api/fruits2
[2023-07-13T08:09:37.163Z] GET /api/fruits2
[2023-07-13T08:09:45.718Z] GET /api/fruits
[2023-07-13T09:58:28.997Z] GET /api/fruits
[2023-07-13T09:59:03.087Z] GET /api/fruits
[2023-07-13T09:59:03.107Z] GET /favicon.ico
[2023-07-13T11:53:42.226Z] GET /api/fruits
[2023-07-13T11:53:42.284Z] GET /favicon.ico
[2023-07-13T11:59:07.613Z] GET /
[2023-07-13T11:59:33.439Z] GET /
[2023-07-13T11:59:34.351Z] GET /
[2023-07-13T11:59:47.396Z] GET /
[2023-07-13T11:59:47.462Z] GET /favicon.ico
[2023-07-13T12:05:50.900Z] GET /api/fruits
[2023-07-13T12:07:16.649Z] GET /api/fruits
[2023-07-13T12:07:17.197Z] GET /api/fruits
[2023-07-13T12:07:17.627Z] GET /api/fruits
[2023-07-13T12:07:17.774Z] GET /api/fruits
[2023-07-13T12:07:17.917Z] GET /api/fruits
[2023-07-13T12:07:18.028Z] GET /api/fruits
[2023-07-13T12:07:18.184Z] GET /api/fruits
[2023-07-13T12:07:19.504Z] GET /api/fruits
[2023-07-13T12:07:19.653Z] GET /api/fruits
[2023-07-13T14:34:44.476Z] GET /api/fruits
[2023-07-13T14:34:44.537Z] GET /favicon.ico
[2023-07-13T14:36:27.611Z] GET /api/fruits
[2023-07-13T14:36:28.509Z] GET /api/fruits
[2023-07-13T14:36:29.857Z] GET /api/fruits
[2023-07-13T14:36:30.325Z] GET /api/fruits
[2023-07-13T14:36:30.793Z] GET /api/fruits
[2023-07-13T14:36:30.939Z] GET /api/fruits
[2023-07-13T14:36:31.148Z] GET /api/fruits
[2023-07-13T14:36:34.324Z] GET /api/fruits
[2023-07-13T14:36:34.492Z] GET /api/fruits
[2023-07-13T14:36:36.010Z] GET /api/fruits
[2023-07-13T14:36:54.754Z] GET /api/fruits
[2023-07-13T14:37:08.019Z] GET /443/api/fruits
[2023-07-13T14:37:35.780Z] GET /api/fruits
[2023-07-13T14:38:30.535Z] GET /
[2023-07-13T14:38:39.698Z] GET /
[2023-07-13T14:39:01.999Z] GET /
[2023-07-13T14:39:02.956Z] GET /
[2023-07-13T14:39:09.013Z] GET /
[2023-07-13T14:39:47.832Z] GET /
[2023-07-13T14:39:52.050Z] GET /
[2023-07-13T14:39:52.159Z] GET /
[2023-07-13T14:39:52.277Z] GET /
[2023-07-13T14:39:52.435Z] GET /
[2023-07-13T14:54:04.426Z] GET /
[2023-07-13T14:54:06.167Z] GET /
[2023-07-13T14:54:06.672Z] GET /
[2023-07-13T14:54:06.872Z] GET /
[2023-07-13T14:54:07.067Z] GET /
[2023-07-13T14:54:07.244Z] GET /
[2023-07-13T14:54:07.484Z] GET /
[2023-07-13T14:54:07.587Z] GET /
